912679 21:20:48.258829 --- Starting bitbake server pid 912679 at 2026-02-23 21:20:48.258807 ---
912679 21:20:48.259515 Started bitbake server pid 912679
912679 21:20:48.259677 Entering server connection loop
912679 21:20:48.259695 Lockfile is: /media/gk/698ba786-2e5a-40a3-9751-1bdd26f1eb59/RP4/bitbake.lock
Socket is /media/gk/698ba786-2e5a-40a3-9751-1bdd26f1eb59/RP4/bitbake.sock (True)
912679 21:20:48.265208 Accepting [<socket.socket fd=6, family=1, type=1, proto=0, laddr=bitbake.sock>] ([])
912679 21:20:48.265722 Processing Client
912679 21:20:48.265751 Connecting Client
912679 21:20:48.265971 Running command ['setFeatures', [2, 1]]
912679 21:20:48.266002 Sending reply (None, None)
912679 21:20:48.266052 Command Completed (socket: True)
912679 21:20:48.266595 Running command ['updateConfig', {'halt': True, 'force': False, 'invalidate_stamp': None, 'dry_run': False, 'dump_signatures': [], 'extra_assume_provided': [], 'profile': False, 'prefile': [], 'postfile': [], 'server_timeout': None, 'nosetscene': False, 'setsceneonly': False, 'skipsetscene': False, 'runall': [], 'runonly': None, 'writeeventlog': None, 'build_verbose_shell': False, 'build_verbose_stdout': False, 'default_loglevel': 20, 'debug_domains': {}}, {'SHELL': '/bin/bash', 'BB_ENV_PASSTHROUGH_ADDITIONS': 'ALL_PROXY BBPATH_EXTRA BB_LOGCONFIG BB_NO_NETWORK BB_NUMBER_THREADS BB_SETSCENE_ENFORCE BB_SRCREV_POLICY DISTRO FTPS_PROXY FTP_PROXY GIT_PROXY_COMMAND HTTPS_PROXY HTTP_PROXY MACHINE NO_PROXY PARALLEL_MAKE SCREENDIR SDKMACHINE SOCKS5_PASSWD SOCKS5_USER SSH_AGENT_PID SSH_AUTH_SOCK STAMPS_DIR TCLIBC TCMODE all_proxy ftp_proxy ftps_proxy http_proxy https_proxy no_proxy ', 'SSH_AUTH_SOCK': '/run/user/1000/keyring/ssh', 'PWD': '/media/gk/698ba786-2e5a-40a3-9751-1bdd26f1eb59/RP4', 'LOGNAME': 'gk', 'HOME': '/home/gk', 'BBPATH': '/media/gk/698ba786-2e5a-40a3-9751-1bdd26f1eb59/RP4/build', 'USER': 'gk', 'LC_ALL': 'en_US.UTF-8', 'PATH': '/media/gk/698ba786-2e5a-40a3-9751-1bdd26f1eb59/RP4/layers/poky/bitbake/bin:/media/gk/698ba786-2e5a-40a3-9751-1bdd26f1eb59/RP4/source/poky/scripts:/media/gk/698ba786-2e5a-40a3-9751-1bdd26f1eb59/RP4/source/poky/bitbake/bin:/home/gk/.cargo/bin:/usr/local/sbin:/usr/local/bin:/usr/sbin:/usr/bin:/sbin:/bin:/usr/games:/usr/local/games:/snap/bin:/snap/bin', 'SESSION_MANAGER': 'local/gk-pc:@/tmp/.ICE-unix/3012,unix/gk-pc:/tmp/.ICE-unix/3012', 'QT_ACCESSIBILITY': '1', 'COLORTERM': 'truecolor', 'XDG_CONFIG_DIRS': '/etc/xdg/xdg-ubuntu:/etc/xdg', 'XDG_MENU_PREFIX': 'gnome-', 'TERM_PROGRAM_VERSION': '1.109.5', 'XDG_CONFIG_DIRS_VSCODE_SNAP_ORIG': '/etc/xdg/xdg-ubuntu:/etc/xdg', 'OE_ADDED_PATHS': '/media/gk/698ba786-2e5a-40a3-9751-1bdd26f1eb59/RP4/source/poky/scripts:/media/gk/698ba786-2e5a-40a3-9751-1bdd26f1eb59/RP4/source/poky/bitbake/bin:', 'GNOME_DESKTOP_SESSION_ID': 'this-is-deprecated', 'GDK_BACKEND_VSCODE_SNAP_ORIG': '', 'FONTCONFIG_PATH': '/etc/fonts', 'LANGUAGE': 'en_IN:en', 'GIO_MODULE_DIR_VSCODE_SNAP_ORIG': '', 'GNOME_SHELL_SESSION_MODE': 'ubuntu', 'XDG_DATA_HOME': '/home/gk/snap/code/226/.local/share', 'MEMORY_PRESSURE_WRITE': 'c29tZSAyMDAwMDAgMjAwMDAwMAA=', 'XMODIFIERS': '@im=ibus', 'DESKTOP_SESSION': 'ubuntu', 'NO_AT_BRIDGE': '1', 'GTK_MODULES': 'gail:atk-bridge', 'DBUS_STARTER_BUS_TYPE': 'session', 'GSETTINGS_SCHEMA_DIR': '/home/gk/snap/code/226/.local/share/glib-2.0/schemas', 'XDG_SESSION_DESKTOP': 'ubuntu', 'GTK_EXE_PREFIX': '/snap/code/226/usr', 'XDG_SESSION_TYPE': 'wayland', 'SYSTEMD_EXEC_PID': '3012', 'XAUTHORITY': '/run/user/1000/.mutter-Xwaylandauth.QJ27K3', 'VSCODE_GIT_ASKPASS_NODE': '/snap/code/226/usr/share/code/code', 'GJS_DEBUG_TOPICS': 'JS ERROR;JS LOG', 'USERNAME': 'gk', 'IM_CONFIG_PHASE': '1', 'LANG': 'en_US.UTF-8', 'LS_COLORS': 'rs=0:di=01;34:ln=01;36:mh=00:pi=40;33:so=01;35:do=01;35:bd=40;33;01:cd=40;33;01:or=40;31;01:mi=00:su=37;41:sg=30;43:ca=00:tw=30;42:ow=34;42:st=37;44:ex=01;32:*.tar=01;31:*.tgz=01;31:*.arc=01;31:*.arj=01;31:*.taz=01;31:*.lha=01;31:*.lz4=01;31:*.lzh=01;31:*.lzma=01;31:*.tlz=01;31:*.txz=01;31:*.tzo=01;31:*.t7z=01;31:*.zip=01;31:*.z=01;31:*.dz=01;31:*.gz=01;31:*.lrz=01;31:*.lz=01;31:*.lzo=01;31:*.xz=01;31:*.zst=01;31:*.tzst=01;31:*.bz2=01;31:*.bz=01;31:*.tbz=01;31:*.tbz2=01;31:*.tz=01;31:*.deb=01;31:*.rpm=01;31:*.jar=01;31:*.war=01;31:*.ear=01;31:*.sar=01;31:*.rar=01;31:*.alz=01;31:*.ace=01;31:*.zoo=01;31:*.cpio=01;31:*.7z=01;31:*.rz=01;31:*.cab=01;31:*.wim=01;31:*.swm=01;31:*.dwm=01;31:*.esd=01;31:*.avif=01;35:*.jpg=01;35:*.jpeg=01;35:*.mjpg=01;35:*.mjpeg=01;35:*.gif=01;35:*.bmp=01;35:*.pbm=01;35:*.pgm=01;35:*.ppm=01;35:*.tga=01;35:*.xbm=01;35:*.xpm=01;35:*.tif=01;35:*.tiff=01;35:*.png=01;35:*.svg=01;35:*.svgz=01;35:*.mng=01;35:*.pcx=01;35:*.mov=01;35:*.mpg=01;35:*.mpeg=01;35:*.m2v=01;35:*.mkv=01;35:*.webm=01;35:*.webp=01;35:*.ogm=01;35:*.mp4=01;35:*.m4v=01;35:*.mp4v=01;35:*.vob=01;35:*.qt=01;35:*.nuv=01;35:*.wmv=01;35:*.asf=01;35:*.rm=01;35:*.rmvb=01;35:*.flc=01;35:*.avi=01;35:*.fli=01;35:*.flv=01;35:*.gl=01;35:*.dl=01;35:*.xcf=01;35:*.xwd=01;35:*.yuv=01;35:*.cgm=01;35:*.emf=01;35:*.ogv=01;35:*.ogx=01;35:*.aac=00;36:*.au=00;36:*.flac=00;36:*.m4a=00;36:*.mid=00;36:*.midi=00;36:*.mka=00;36:*.mp3=00;36:*.mpc=00;36:*.ogg=00;36:*.ra=00;36:*.wav=00;36:*.oga=00;36:*.opus=00;36:*.spx=00;36:*.xspf=00;36:*~=00;90:*#=00;90:*.bak=00;90:*.crdownload=00;90:*.dpkg-dist=00;90:*.dpkg-new=00;90:*.dpkg-old=00;90:*.dpkg-tmp=00;90:*.old=00;90:*.orig=00;90:*.part=00;90:*.rej=00;90:*.rpmnew=00;90:*.rpmorig=00;90:*.rpmsave=00;90:*.swp=00;90:*.tmp=00;90:*.ucf-dist=00;90:*.ucf-new=00;90:*.ucf-old=00;90:', 'XDG_CURRENT_DESKTOP': 'ubuntu:GNOME', 'MEMORY_PRESSURE_WATCH': '/sys/fs/cgroup/user.slice/user-1000.slice/user@1000.service/app.slice/app-gnome\\x2dsession\\x2dmanager.slice/gnome-session-manager@ubuntu.service/memory.pressure', 'VTE_VERSION': '7600', 'WAYLAND_DISPLAY': 'wayland-0', 'GIT_ASKPASS': '/snap/code/226/usr/share/code/resources/app/extensions/git/dist/askpass.sh', 'GNOME_TERMINAL_SCREEN': '/org/gnome/Terminal/screen/d321bb0b_38ed_46bb_8b67_828234f94d1c', 'INVOCATION_ID': '850639ae612d45a0bea8ee7f9900b795', 'MANAGERPID': '2783', 'CHROME_DESKTOP': 'code.desktop', 'GJS_DEBUG_OUTPUT': 'stderr', 'VSCODE_GIT_ASKPASS_EXTRA_ARGS': '', 'GNOME_SETUP_DISPLAY': ':1', 'VSCODE_PYTHON_AUTOACTIVATE_GUARD': '1', 'GSETTINGS_SCHEMA_DIR_VSCODE_SNAP_ORIG': '', 'GTK_IM_MODULE_FILE_VSCODE_SNAP_ORIG': '', 'LESSCLOSE': '/usr/bin/lesspipe %s %s', 'XDG_SESSION_CLASS': 'user', 'PYTHONPATH': '/media/gk/698ba786-2e5a-40a3-9751-1bdd26f1eb59/RP4/source/poky/bitbake/lib:/media/gk/698ba786-2e5a-40a3-9751-1bdd26f1eb59/RP4/source/poky/bitbake/lib:/media/gk/698ba786-2e5a-40a3-9751-1bdd26f1eb59/RP4/source/poky/bitbake/lib:', 'TERM': 'xterm-256color', 'GTK_PATH': '/snap/code/226/usr/lib/x86_64-linux-gnu/gtk-3.0', 'LESSOPEN': '| /usr/bin/lesspipe %s', 'GTK_PATH_VSCODE_SNAP_ORIG': '', 'VSCODE_GIT_IPC_HANDLE': '/run/user/1000/vscode-git-1557678f59.sock', 'GNOME_TERMINAL_SERVICE': ':1.151', 'CLUTTER_DISABLE_MIPMAPPED_TEXT': '1', 'DISPLAY': ':0', 'SHLVL': '2', 'LOCPATH': '/snap/code/226/usr/lib/locale', 'GSM_SKIP_SSH_AGENT_WORKAROUND': 'true', 'QT_IM_MODULE': 'ibus', 'XDG_DATA_HOME_VSCODE_SNAP_ORIG': '', 'GTK_EXE_PREFIX_VSCODE_SNAP_ORIG': '', 'DBUS_STARTER_ADDRESS': 'unix:path=/run/user/1000/bus,guid=1d7ef761100adb32250cf998699c0971', 'FC_FONTATIONS': '1', 'XDG_RUNTIME_DIR': '/run/user/1000', 'XDG_DATA_DIRS_VSCODE_SNAP_ORIG': '/usr/share/ubuntu:/usr/share/gnome:/usr/local/share/:/usr/share/:/var/lib/snapd/desktop', 'DEBUGINFOD_URLS': 'https://debuginfod.ubuntu.com ', 'FONTCONFIG_FILE': '/etc/fonts/fonts.conf', 'VSCODE_GIT_ASKPASS_MAIN': '/snap/code/226/usr/share/code/resources/app/extensions/git/dist/askpass-main.js', 'JOURNAL_STREAM': '8:19360', 'XDG_DATA_DIRS': '/home/gk/snap/code/226/.local/share:/home/gk/snap/code/226:/snap/code/226/usr/share:/usr/share/ubuntu:/usr/share/gnome:/usr/local/share/:/usr/share/:/var/lib/snapd/desktop', 'GDK_BACKEND': 'x11', 'GDMSESSION': 'ubuntu', 'GTK_IM_MODULE_FILE': '/home/gk/snap/code/common/.cache/immodules/immodules.cache', 'DBUS_SESSION_BUS_ADDRESS': 'unix:path=/run/user/1000/bus,guid=1d7ef761100adb32250cf998699c0971', 'BUILDDIR': '/media/gk/698ba786-2e5a-40a3-9751-1bdd26f1eb59/RP4/build', 'LOCPATH_VSCODE_SNAP_ORIG': '', 'GIO_MODULE_DIR': '/home/gk/snap/code/common/.cache/gio-modules', 'GIO_LAUNCHED_DESKTOP_FILE_PID': '5399', 'GIO_LAUNCHED_DESKTOP_FILE': '/var/lib/snapd/desktop/applications/code_code.desktop', 'OLDPWD': '/media/gk/698ba786-2e5a-40a3-9751-1bdd26f1eb59/RP4/layers/poky', 'TERM_PROGRAM': 'vscode', '_': './layers/poky/bitbake/bin/bitbake-layers'}, ['./layers/poky/bitbake/bin/bitbake-layers', 'create-layer', 'layers/meta-rust-app']]
912679 21:20:48.269856 Sending reply (None, 'bb.BBHandledException()\nTraceback (most recent call last):\n  File "/media/gk/698ba786-2e5a-40a3-9751-1bdd26f1eb59/RP4/layers/poky/bitbake/lib/bb/cookerdata.py", line 162, in wrapped\n    return func(fn, *args)\n           ^^^^^^^^^^^^^^^\n  File "/media/gk/698ba786-2e5a-40a3-9751-1bdd26f1eb59/RP4/layers/poky/bitbake/lib/bb/cookerdata.py", line 179, in parse_config_file\n    return bb.parse.handle(fn, data, include, baseconfig=True)\n           ^^^^^^^^^^^^^^^^^^^^^^^^^^^^^^^^^^^^^^^^^^^^^^^^^^^\n  File "/media/gk/698ba786-2e5a-40a3-9751-1bdd26f1eb59/RP4/layers/poky/bitbake/lib/bb/parse/__init__.py", line 119, in handle\n    return h[\'handle\'](fn, data, include, baseconfig)\n           ^^^^^^^^^^^^^^^^^^^^^^^^^^^^^^^^^^^^^^^^^^\n  File "/media/gk/698ba786-2e5a-40a3-9751-1bdd26f1eb59/RP4/layers/poky/bitbake/lib/bb/parse/parse_py/ConfHandler.py", line 119, in handle\n    abs_fn = resolve_file(fn, data)\n             ^^^^^^^^^^^^^^^^^^^^^^\n  File "/media/gk/698ba786-2e5a-40a3-9751-1bdd26f1eb59/RP4/layers/poky/bitbake/lib/bb/parse/__init__.py", line 139, in resolve_file\n    raise IOError(errno.ENOENT, "file %s not found in %s" % (fn, bbpath))\nFileNotFoundError: [Errno 2] file conf/bitbake.conf not found in /media/gk/698ba786-2e5a-40a3-9751-1bdd26f1eb59/RP4/build\n\nDuring handling of the above exception, another exception occurred:\n\nTraceback (most recent call last):\n  File "/media/gk/698ba786-2e5a-40a3-9751-1bdd26f1eb59/RP4/layers/poky/bitbake/lib/bb/command.py", line 90, in runCommand\n    result = command_method(self, commandline)\n             ^^^^^^^^^^^^^^^^^^^^^^^^^^^^^^^^^\n  File "/media/gk/698ba786-2e5a-40a3-9751-1bdd26f1eb59/RP4/layers/poky/bitbake/lib/bb/command.py", line 290, in updateConfig\n    command.cooker.updateConfigOpts(options, environment, cmdline)\n  File "/media/gk/698ba786-2e5a-40a3-9751-1bdd26f1eb59/RP4/layers/poky/bitbake/lib/bb/cooker.py", line 463, in updateConfigOpts\n    self.reset()\n  File "/media/gk/698ba786-2e5a-40a3-9751-1bdd26f1eb59/RP4/layers/poky/bitbake/lib/bb/cooker.py", line 1736, in reset\n    self.initConfigurationData()\n  File "/media/gk/698ba786-2e5a-40a3-9751-1bdd26f1eb59/RP4/layers/poky/bitbake/lib/bb/cooker.py", line 283, in initConfigurationData\n    self.databuilder.parseBaseConfiguration()\n  File "/media/gk/698ba786-2e5a-40a3-9751-1bdd26f1eb59/RP4/layers/poky/bitbake/lib/bb/cookerdata.py", line 261, in parseBaseConfiguration\n    self.data = self.parseConfigurationFiles(self.prefiles, self.postfiles)\n                ^^^^^^^^^^^^^^^^^^^^^^^^^^^^^^^^^^^^^^^^^^^^^^^^^^^^^^^^^^^\n  File "/media/gk/698ba786-2e5a-40a3-9751-1bdd26f1eb59/RP4/layers/poky/bitbake/lib/bb/cookerdata.py", line 471, in parseConfigurationFiles\n    data = parse_config_file(os.path.join("conf", "bitbake.conf"), data)\n           ^^^^^^^^^^^^^^^^^^^^^^^^^^^^^^^^^^^^^^^^^^^^^^^^^^^^^^^^^^^^^\n  File "/media/gk/698ba786-2e5a-40a3-9751-1bdd26f1eb59/RP4/layers/poky/bitbake/lib/bb/cookerdata.py", line 174, in wrapped\n    raise bb.BBHandledException()\nbb.BBHandledException\n')
912679 21:20:48.269948 Command Completed (socket: True)
912679 21:20:48.270021 Running command ['clientComplete']
912679 21:20:48.272114 Sending reply (None, 'bb.BBHandledException()\nTraceback (most recent call last):\n  File "/media/gk/698ba786-2e5a-40a3-9751-1bdd26f1eb59/RP4/layers/poky/bitbake/lib/bb/cookerdata.py", line 162, in wrapped\n    return func(fn, *args)\n           ^^^^^^^^^^^^^^^\n  File "/media/gk/698ba786-2e5a-40a3-9751-1bdd26f1eb59/RP4/layers/poky/bitbake/lib/bb/cookerdata.py", line 179, in parse_config_file\n    return bb.parse.handle(fn, data, include, baseconfig=True)\n           ^^^^^^^^^^^^^^^^^^^^^^^^^^^^^^^^^^^^^^^^^^^^^^^^^^^\n  File "/media/gk/698ba786-2e5a-40a3-9751-1bdd26f1eb59/RP4/layers/poky/bitbake/lib/bb/parse/__init__.py", line 119, in handle\n    return h[\'handle\'](fn, data, include, baseconfig)\n           ^^^^^^^^^^^^^^^^^^^^^^^^^^^^^^^^^^^^^^^^^^\n  File "/media/gk/698ba786-2e5a-40a3-9751-1bdd26f1eb59/RP4/layers/poky/bitbake/lib/bb/parse/parse_py/ConfHandler.py", line 119, in handle\n    abs_fn = resolve_file(fn, data)\n             ^^^^^^^^^^^^^^^^^^^^^^\n  File "/media/gk/698ba786-2e5a-40a3-9751-1bdd26f1eb59/RP4/layers/poky/bitbake/lib/bb/parse/__init__.py", line 139, in resolve_file\n    raise IOError(errno.ENOENT, "file %s not found in %s" % (fn, bbpath))\nFileNotFoundError: [Errno 2] file conf/bitbake.conf not found in /media/gk/698ba786-2e5a-40a3-9751-1bdd26f1eb59/RP4/build\n\nDuring handling of the above exception, another exception occurred:\n\nTraceback (most recent call last):\n  File "/media/gk/698ba786-2e5a-40a3-9751-1bdd26f1eb59/RP4/layers/poky/bitbake/lib/bb/command.py", line 70, in runCommand\n    self.cooker.init_configdata()\n  File "/media/gk/698ba786-2e5a-40a3-9751-1bdd26f1eb59/RP4/layers/poky/bitbake/lib/bb/cooker.py", line 196, in init_configdata\n    self.initConfigurationData()\n  File "/media/gk/698ba786-2e5a-40a3-9751-1bdd26f1eb59/RP4/layers/poky/bitbake/lib/bb/cooker.py", line 283, in initConfigurationData\n    self.databuilder.parseBaseConfiguration()\n  File "/media/gk/698ba786-2e5a-40a3-9751-1bdd26f1eb59/RP4/layers/poky/bitbake/lib/bb/cookerdata.py", line 261, in parseBaseConfiguration\n    self.data = self.parseConfigurationFiles(self.prefiles, self.postfiles)\n                ^^^^^^^^^^^^^^^^^^^^^^^^^^^^^^^^^^^^^^^^^^^^^^^^^^^^^^^^^^^\n  File "/media/gk/698ba786-2e5a-40a3-9751-1bdd26f1eb59/RP4/layers/poky/bitbake/lib/bb/cookerdata.py", line 471, in parseConfigurationFiles\n    data = parse_config_file(os.path.join("conf", "bitbake.conf"), data)\n           ^^^^^^^^^^^^^^^^^^^^^^^^^^^^^^^^^^^^^^^^^^^^^^^^^^^^^^^^^^^^^\n  File "/media/gk/698ba786-2e5a-40a3-9751-1bdd26f1eb59/RP4/layers/poky/bitbake/lib/bb/cookerdata.py", line 174, in wrapped\n    raise bb.BBHandledException()\nbb.BBHandledException\n')
912679 21:20:48.272154 Command Completed (socket: True)
912679 21:20:48.522373 Processing Client
912679 21:20:48.522513 Disconnecting Client (socket: True)
912679 21:20:48.522716 No timeout, exiting.
912679 21:20:48.622947 Exiting (socket: True)
912679 21:20:48.623396 Exiting as we could obtain the lock
sys:1: ResourceWarning: unclosed file <_io.TextIOWrapper name='/media/gk/698ba786-2e5a-40a3-9751-1bdd26f1eb59/RP4/bitbake-cookerdaemon.log' mode='a+' encoding='UTF-8'>
